<?xml version="1.0" encoding="UTF-8"?>
<robot generator="Rebot 7.2.2 (Python 3.9.6 on darwin)" generated="2025-06-16T12:41:13.092589" rpa="false" schemaversion="5">
<suite id="s1" name="Sample Test" source="/Users/venky.webhook/Projects/MerckDebugging/Tests/sample_test.robot">
<kw name="Open Browser To Login Page" type="SETUP">
<kw name="Open Browser" owner="SeleniumLibrary">
<msg time="2025-06-16T12:30:08.675037" level="WARN">exexcutable_path is being deprecated. Please use service to configure the driver's executable_path as per documentation.</msg>
<msg time="2025-06-16T12:30:08.675421" level="INFO">Opening browser 'chrome' to base url 'https://the-internet.herokuapp.com/login'.</msg>
<msg time="2025-06-16T12:30:08.676930" level="INFO">Completed setup!</msg>
<arg>${URL}</arg>
<arg>${BROWSER}</arg>
<arg>executable_path=/Users/venky.webhook/Downloads/chromedriver-mac-arm64-v2/chromedriver</arg>
<doc>Opens a new browser instance to the optional ``url``.</doc>
<status status="PASS" start="2025-06-16T12:30:08.674703" elapsed="14.128440"/>
</kw>
<kw name="Maximize Browser Window" owner="SeleniumLibrary">
<doc>Maximizes current browser window.</doc>
<status status="PASS" start="2025-06-16T12:30:22.803975" elapsed="0.888322"/>
</kw>
<kw name="Open Browser" owner="SeleniumLibrary">
<msg time="2025-06-16T12:30:08.674960" level="WARN">exexcutable_path is being deprecated. Please use service to configure the driver's executable_path as per documentation.</msg>
<msg time="2025-06-16T12:30:08.675338" level="INFO">Opening browser 'chrome' to base url 'https://the-internet.herokuapp.com/login'.</msg>
<msg time="2025-06-16T12:30:08.676923" level="INFO">Completed setup!</msg>
<arg>${URL}</arg>
<arg>${BROWSER}</arg>
<arg>executable_path=/Users/venky.webhook/Downloads/chromedriver-mac-arm64-v2/chromedriver</arg>
<doc>Opens a new browser instance to the optional ``url``.</doc>
<status status="PASS" start="2025-06-16T12:30:08.674638" elapsed="41.744705"/>
</kw>
<kw name="Maximize Browser Window" owner="SeleniumLibrary">
<doc>Maximizes current browser window.</doc>
<status status="PASS" start="2025-06-16T12:30:50.421894" elapsed="0.347173"/>
</kw>
<status status="PASS" start="2025-06-16T12:30:08.673498" elapsed="15.019993"/>
</kw>
<test id="s1-t1" name="Loop Through Data" line="18">
<kw name="Read Test Data" owner="data_reader">
<msg time="2025-06-16T12:30:23.701450" level="INFO">${records} = [{'username': 'user1', 'password': 'pass1'}, {'username': 'user2', 'password': 'pass2'}, {'username': 'user3', 'password': 'pass3'}, {'username': 'user4', 'password': 'pass3'}, {'username': 'user5', '...</msg>
<var>${records}</var>
<arg>${DATA_FILE}</arg>
<status status="PASS" start="2025-06-16T12:30:23.698048" elapsed="0.004234"/>
</kw>
<for flavor="IN">
<iter>
<kw name="Log" owner="BuiltIn">
<msg time="2025-06-16T12:30:23.704735" level="INFO">Logging in as user1</msg>
<arg>Logging in as ${record['username']}</arg>
<doc>Logs the given message with the given level.</doc>
<status status="PASS" start="2025-06-16T12:30:23.703784" elapsed="0.001604"/>
</kw>
<kw name="Input Text" owner="SeleniumLibrary">
<msg time="2025-06-16T12:30:23.707515" level="INFO">Typing text 'user1' into text field 'id=username'.</msg>
<arg>id=username</arg>
<arg>${record['username']}</arg>
<doc>Types the given ``text`` into the text field identified by ``locator``.</doc>
<status status="PASS" start="2025-06-16T12:30:23.706413" elapsed="0.359251"/>
</kw>
<kw name="Input Text" owner="SeleniumLibrary">
<msg time="2025-06-16T12:30:24.070683" level="INFO">Typing text 'pass1' into text field 'id=password'.</msg>
<arg>id=password</arg>
<arg>${record['password']}</arg>
<doc>Types the given ``text`` into the text field identified by ``locator``.</doc>
<status status="PASS" start="2025-06-16T12:30:24.069027" elapsed="0.306622"/>
</kw>
<kw name="Click Button" owner="SeleniumLibrary">
<msg time="2025-06-16T12:30:24.379274" level="INFO">Clicking button 'tag:button'.</msg>
<arg>tag:button</arg>
<doc>Clicks the button identified by ``locator``.</doc>
<status status="PASS" start="2025-06-16T12:30:24.378086" elapsed="1.063586"/>
</kw>
<kw name="Sleep" owner="BuiltIn">
<msg time="2025-06-16T12:31:25.447698" level="INFO">Slept 1 minute.</msg>
<arg>60s</arg>
<doc>Pauses the test executed for the given time.</doc>
<status status="PASS" start="2025-06-16T12:30:25.443810" elapsed="60.018922"/>
</kw>
<kw name="Go To" owner="SeleniumLibrary">
<msg time="2025-06-16T12:31:25.467142" level="INFO">Opening url 'https://the-internet.herokuapp.com/login'</msg>
<arg>${URL}</arg>
<doc>Navigates the current browser window to the provided ``url``.</doc>
<status status="PASS" start="2025-06-16T12:31:25.466031" elapsed="1.177605"/>
</kw>
<var name="${record}">{'username': 'user1', 'password': 'pass1'}</var>
<status status="PASS" start="2025-06-16T12:30:23.703402" elapsed="62.941543"/>
</iter>
<iter>
<kw name="Log" owner="BuiltIn">
<msg time="2025-06-16T12:31:26.647807" level="INFO">Logging in as user2</msg>
<arg>Logging in as ${record['username']}</arg>
<doc>Logs the given message with the given level.</doc>
<status status="PASS" start="2025-06-16T12:31:26.646625" elapsed="0.001829"/>
</kw>
<kw name="Input Text" owner="SeleniumLibrary">
<msg time="2025-06-16T12:31:26.650560" level="INFO">Typing text 'user2' into text field 'id=username'.</msg>
<arg>id=username</arg>
<arg>${record['username']}</arg>
<doc>Types the given ``text`` into the text field identified by ``locator``.</doc>
<status status="PASS" start="2025-06-16T12:31:26.649488" elapsed="0.333442"/>
</kw>
<kw name="Input Text" owner="SeleniumLibrary">
<msg time="2025-06-16T12:31:26.987586" level="INFO">Typing text 'pass2' into text field 'id=password'.</msg>
<arg>id=password</arg>
<arg>${record['password']}</arg>
<doc>Types the given ``text`` into the text field identified by ``locator``.</doc>
<status status="PASS" start="2025-06-16T12:31:26.985693" elapsed="0.317798"/>
</kw>
<kw name="Click Button" owner="SeleniumLibrary">
<msg time="2025-06-16T12:31:27.308178" level="INFO">Clicking button 'tag:button'.</msg>
<arg>tag:button</arg>
<doc>Clicks the button identified by ``locator``.</doc>
<status status="PASS" start="2025-06-16T12:31:27.306907" elapsed="0.946902"/>
</kw>
<kw name="Sleep" owner="BuiltIn">
<msg time="2025-06-16T12:33:01.580146" level="INFO">Slept 1 minute.</msg>
<arg>60s</arg>
<doc>Pauses the test executed for the given time.</doc>
<status status="PASS" start="2025-06-16T12:31:28.256273" elapsed="93.338980"/>
</kw>
<kw name="Go To" owner="SeleniumLibrary">
<msg time="2025-06-16T12:33:01.607494" level="INFO">Opening url 'https://the-internet.herokuapp.com/login'</msg>
<arg>${URL}</arg>
<doc>Navigates the current browser window to the provided ``url``.</doc>
<status status="PASS" start="2025-06-16T12:33:01.603587" elapsed="0.428918"/>
</kw>
<var name="${record}">{'username': 'user2', 'password': 'pass2'}</var>
<status status="PASS" start="2025-06-16T12:31:26.646151" elapsed="95.387116"/>
</iter>
<iter>
<kw name="Log" owner="BuiltIn">
<msg time="2025-06-16T12:33:02.035114" level="INFO">Logging in as user3</msg>
<arg>Logging in as ${record['username']}</arg>
<doc>Logs the given message with the given level.</doc>
<status status="PASS" start="2025-06-16T12:33:02.034363" elapsed="0.001182"/>
</kw>
<kw name="Input Text" owner="SeleniumLibrary">
<msg time="2025-06-16T12:33:02.037064" level="INFO">Typing text 'user3' into text field 'id=username'.</msg>
<msg time="2025-06-16T12:33:02.421832" level="WARN">Keyword 'Capture Page Screenshot' could not be run on failure: Message: Session not started or terminated
</msg>
<msg time="2025-06-16T12:33:02.424255" level="FAIL">WebDriverException: Message: Session not started or terminated
</msg>
<arg>id=username</arg>
<arg>${record['username']}</arg>
<doc>Types the given ``text`` into the text field identified by ``locator``.</doc>
<status status="FAIL" start="2025-06-16T12:33:02.036244" elapsed="0.406163">WebDriverException: Message: Session not started or terminated
</status>
</kw>
<kw name="Input Text" owner="SeleniumLibrary">
<arg>id=password</arg>
<arg>${record['password']}</arg>
<doc>Types the given ``text`` into the text field identified by ``locator``.</doc>
<status status="NOT RUN" start="2025-06-16T12:33:02.443269" elapsed="0.000189"/>
</kw>
<kw name="Click Button" owner="SeleniumLibrary">
<arg>tag:button</arg>
<doc>Clicks the button identified by ``locator``.</doc>
<status status="NOT RUN" start="2025-06-16T12:33:02.444151" elapsed="0.000173"/>
</kw>
<kw name="Sleep" owner="BuiltIn">
<arg>60s</arg>
<doc>Pauses the test executed for the given time.</doc>
<status status="NOT RUN" start="2025-06-16T12:33:02.444852" elapsed="0.000140"/>
</kw>
<kw name="Go To" owner="SeleniumLibrary">
<arg>${URL}</arg>
<doc>Navigates the current browser window to the provided ``url``.</doc>
<status status="NOT RUN" start="2025-06-16T12:33:02.445466" elapsed="0.000138"/>
</kw>
<var name="${record}">{'username': 'user3', 'password': 'pass3'}</var>
<status status="FAIL" start="2025-06-16T12:33:02.034070" elapsed="0.411992">WebDriverException: Message: Session not started or terminated
</status>
</iter>
<var>${record}</var>
<value>@{records}</value>
<status status="FAIL" start="2025-06-16T12:30:23.702845" elapsed="158.743775">WebDriverException: Message: Session not started or terminated
</status>
</for>
<status status="FAIL" start="2025-06-16T12:30:23.695174" elapsed="158.751773">WebDriverException: Message: Session not started or terminated
</status>
</test>
<kw name="Close Browser" owner="SeleniumLibrary" type="TEARDOWN">
<doc>Closes the current browser.</doc>
<status status="PASS" start="2025-06-16T12:33:02.490213" elapsed="0.000757"/>
</kw>
<doc>[https://pabot.org/?ref=log|Pabot] result from 2 executions.</doc>
<status status="FAIL" start="2025-06-16T12:30:08.634000" elapsed="659.328000"/>
</suite>
<statistics>
<total>
<stat pass="0" fail="1" skip="0">All Tests</stat>
</total>
<tag>
</tag>
<suite>
<stat name="Sample Test" id="s1" pass="0" fail="1" skip="0">Sample Test</stat>
</suite>
</statistics>
<errors>
<msg time="2025-06-16T12:30:08.675037" level="WARN">exexcutable_path is being deprecated. Please use service to configure the driver's executable_path as per documentation.</msg>
<msg time="2025-06-16T12:33:02.421832" level="WARN">Keyword 'Capture Page Screenshot' could not be run on failure: Message: Session not started or terminated
</msg>
<msg time="2025-06-16T12:30:08.674960" level="WARN">exexcutable_path is being deprecated. Please use service to configure the driver's executable_path as per documentation.</msg>
<msg time="2025-06-16T12:41:06.991385" level="WARN">Keyword 'Capture Page Screenshot' could not be run on failure: Message: Session not started or terminated
</msg>
</errors>
</robot>
