<?xml version="1.0" encoding="UTF-8"?>
<robot generator="Robot 7.2.2 (Python 3.9.6 on darwin)" generated="2025-06-16T12:43:34.991527" rpa="false" schemaversion="5">
<suite id="s1" name="Sample Test" source="/Users/venky.webhook/Projects/MerckDebugging/Tests/sample_test.robot">
<kw name="Open Browser To Login Page" type="SETUP">
<kw name="Open Browser" owner="SeleniumLibrary">
<msg time="2025-06-16T12:43:35.033125" level="WARN">exexcutable_path is being deprecated. Please use service to configure the driver's executable_path as per documentation.</msg>
<msg time="2025-06-16T12:43:35.033513" level="INFO">Opening browser 'chrome' to base url 'https://the-internet.herokuapp.com/login'.</msg>
<msg time="2025-06-16T12:43:35.034892" level="INFO">Completed setup!</msg>
<arg>${URL}</arg>
<arg>${BROWSER}</arg>
<arg>executable_path=/Users/venky.webhook/Downloads/chromedriver-mac-arm64-v2/chromedriver</arg>
<doc>Opens a new browser instance to the optional ``url``.</doc>
<status status="PASS" start="2025-06-16T12:43:35.032788" elapsed="9.387309"/>
</kw>
<kw name="Maximize Browser Window" owner="SeleniumLibrary">
<doc>Maximizes current browser window.</doc>
<status status="PASS" start="2025-06-16T12:43:44.422776" elapsed="0.453114"/>
</kw>
<status status="PASS" start="2025-06-16T12:43:35.031597" elapsed="9.845377"/>
</kw>
<test id="s1-t1" name="Loop Through Data" line="18">
<kw name="Read Test Data" owner="data_reader">
<msg time="2025-06-16T12:43:44.885098" level="INFO">${records} = [{'username': 'user1', 'password': 'pass1'}, {'username': 'user2', 'password': 'pass2'}, {'username': 'user3', 'password': 'pass3'}, {'username': 'user4', 'password': 'pass3'}, {'username': 'user5', '...</msg>
<var>${records}</var>
<arg>${DATA_FILE}</arg>
<status status="PASS" start="2025-06-16T12:43:44.882346" elapsed="0.003522"/>
</kw>
<for flavor="IN">
<iter>
<kw name="Log" owner="BuiltIn">
<msg time="2025-06-16T12:43:44.888404" level="INFO">Logging in as user1</msg>
<arg>Logging in as ${record['username']}</arg>
<doc>Logs the given message with the given level.</doc>
<status status="PASS" start="2025-06-16T12:43:44.887426" elapsed="0.001614"/>
</kw>
<kw name="Input Text" owner="SeleniumLibrary">
<msg time="2025-06-16T12:43:44.891301" level="INFO">Typing text 'user1' into text field 'id=username'.</msg>
<arg>id=username</arg>
<arg>${record['username']}</arg>
<doc>Types the given ``text`` into the text field identified by ``locator``.</doc>
<status status="PASS" start="2025-06-16T12:43:44.890120" elapsed="0.360456"/>
</kw>
<kw name="Input Text" owner="SeleniumLibrary">
<msg time="2025-06-16T12:43:45.255424" level="INFO">Typing text 'pass1' into text field 'id=password'.</msg>
<arg>id=password</arg>
<arg>${record['password']}</arg>
<doc>Types the given ``text`` into the text field identified by ``locator``.</doc>
<status status="PASS" start="2025-06-16T12:43:45.253376" elapsed="0.215957"/>
</kw>
<kw name="Click Button" owner="SeleniumLibrary">
<msg time="2025-06-16T12:43:45.473576" level="INFO">Clicking button 'tag:button'.</msg>
<arg>tag:button</arg>
<doc>Clicks the button identified by ``locator``.</doc>
<status status="PASS" start="2025-06-16T12:43:45.472407" elapsed="0.376030"/>
</kw>
<kw name="Sleep" owner="BuiltIn">
<msg time="2025-06-16T12:44:45.855787" level="INFO">Slept 1 minute.</msg>
<arg>60s</arg>
<doc>Pauses the test executed for the given time.</doc>
<status status="PASS" start="2025-06-16T12:43:45.850605" elapsed="60.014444"/>
</kw>
<kw name="Go To" owner="SeleniumLibrary">
<msg time="2025-06-16T12:44:45.870370" level="INFO">Opening url 'https://the-internet.herokuapp.com/login'</msg>
<arg>${URL}</arg>
<doc>Navigates the current browser window to the provided ``url``.</doc>
<status status="PASS" start="2025-06-16T12:44:45.869087" elapsed="1.227400"/>
</kw>
<var name="${record}">{'username': 'user1', 'password': 'pass1'}</var>
<status status="PASS" start="2025-06-16T12:43:44.887006" elapsed="62.212627"/>
</iter>
<iter>
<kw name="Log" owner="BuiltIn">
<msg time="2025-06-16T12:44:47.102843" level="INFO">Logging in as user2</msg>
<arg>Logging in as ${record['username']}</arg>
<doc>Logs the given message with the given level.</doc>
<status status="PASS" start="2025-06-16T12:44:47.101517" elapsed="0.002077"/>
</kw>
<kw name="Input Text" owner="SeleniumLibrary">
<msg time="2025-06-16T12:44:47.106401" level="INFO">Typing text 'user2' into text field 'id=username'.</msg>
<arg>id=username</arg>
<arg>${record['username']}</arg>
<doc>Types the given ``text`` into the text field identified by ``locator``.</doc>
<status status="PASS" start="2025-06-16T12:44:47.104826" elapsed="0.761259"/>
</kw>
<kw name="Input Text" owner="SeleniumLibrary">
<msg time="2025-06-16T12:44:47.870819" level="INFO">Typing text 'pass2' into text field 'id=password'.</msg>
<arg>id=password</arg>
<arg>${record['password']}</arg>
<doc>Types the given ``text`` into the text field identified by ``locator``.</doc>
<status status="PASS" start="2025-06-16T12:44:47.868969" elapsed="1.138755"/>
</kw>
<kw name="Click Button" owner="SeleniumLibrary">
<msg time="2025-06-16T12:44:49.011692" level="INFO">Clicking button 'tag:button'.</msg>
<arg>tag:button</arg>
<doc>Clicks the button identified by ``locator``.</doc>
<status status="PASS" start="2025-06-16T12:44:49.010548" elapsed="1.525616"/>
</kw>
<kw name="Sleep" owner="BuiltIn">
<msg time="2025-06-16T12:45:50.541685" level="INFO">Slept 1 minute.</msg>
<arg>60s</arg>
<doc>Pauses the test executed for the given time.</doc>
<status status="PASS" start="2025-06-16T12:44:50.539224" elapsed="60.010910"/>
</kw>
<kw name="Go To" owner="SeleniumLibrary">
<msg time="2025-06-16T12:45:50.552449" level="INFO">Opening url 'https://the-internet.herokuapp.com/login'</msg>
<arg>${URL}</arg>
<doc>Navigates the current browser window to the provided ``url``.</doc>
<status status="PASS" start="2025-06-16T12:45:50.551666" elapsed="1.029003"/>
</kw>
<var name="${record}">{'username': 'user2', 'password': 'pass2'}</var>
<status status="PASS" start="2025-06-16T12:44:47.100998" elapsed="64.480767"/>
</iter>
<iter>
<kw name="Log" owner="BuiltIn">
<msg time="2025-06-16T12:45:51.583383" level="INFO">Logging in as user3</msg>
<arg>Logging in as ${record['username']}</arg>
<doc>Logs the given message with the given level.</doc>
<status status="PASS" start="2025-06-16T12:45:51.582737" elapsed="0.000990"/>
</kw>
<kw name="Input Text" owner="SeleniumLibrary">
<msg time="2025-06-16T12:45:51.584948" level="INFO">Typing text 'user3' into text field 'id=username'.</msg>
<arg>id=username</arg>
<arg>${record['username']}</arg>
<doc>Types the given ``text`` into the text field identified by ``locator``.</doc>
<status status="PASS" start="2025-06-16T12:45:51.584270" elapsed="0.218648"/>
</kw>
<kw name="Input Text" owner="SeleniumLibrary">
<msg time="2025-06-16T12:45:51.804611" level="INFO">Typing text 'pass3' into text field 'id=password'.</msg>
<arg>id=password</arg>
<arg>${record['password']}</arg>
<doc>Types the given ``text`` into the text field identified by ``locator``.</doc>
<status status="PASS" start="2025-06-16T12:45:51.803888" elapsed="0.207463"/>
</kw>
<kw name="Click Button" owner="SeleniumLibrary">
<msg time="2025-06-16T12:45:52.015325" level="INFO">Clicking button 'tag:button'.</msg>
<arg>tag:button</arg>
<doc>Clicks the button identified by ``locator``.</doc>
<status status="PASS" start="2025-06-16T12:45:52.014373" elapsed="0.319004"/>
</kw>
<kw name="Sleep" owner="BuiltIn">
<msg time="2025-06-16T12:46:52.339747" level="INFO">Slept 1 minute.</msg>
<arg>60s</arg>
<doc>Pauses the test executed for the given time.</doc>
<status status="PASS" start="2025-06-16T12:45:52.335743" elapsed="60.030297"/>
</kw>
<kw name="Go To" owner="SeleniumLibrary">
<msg time="2025-06-16T12:46:52.370761" level="INFO">Opening url 'https://the-internet.herokuapp.com/login'</msg>
<arg>${URL}</arg>
<doc>Navigates the current browser window to the provided ``url``.</doc>
<status status="PASS" start="2025-06-16T12:46:52.369518" elapsed="1.241323"/>
</kw>
<var name="${record}">{'username': 'user3', 'password': 'pass3'}</var>
<status status="PASS" start="2025-06-16T12:45:51.582419" elapsed="62.029179"/>
</iter>